<?xml version="1.0" encoding="UTF-8"?>
<!-- Generated by org.testng.reporters.JUnitReportReporter -->
<testsuite hostname="Shivanshu-HP" failures="0" tests="2" name="Shivanshu.Automation.SecondYear" time="0.002" errors="0" timestamp="2020-05-16T04:27:57 IST" skipped="0">
  <testcase classname="Shivanshu.Automation.SecondYear" name="ThirdSem" time="0.001"/>
  <system-out/>
  <testcase classname="Shivanshu.Automation.SecondYear" name="FourthSem" time="0.001"/>
  <system-out/>
</testsuite> <!-- Shivanshu.Automation.SecondYear -->
