<?xml version="1.0" encoding="UTF-8"?>
<!-- Generated by org.testng.reporters.JUnitReportReporter -->
<testsuite hostname="Shivanshu-HP" failures="0" tests="1" name="Shivanshu.Automation.SecondTest" time="0.002" errors="0" timestamp="2020-05-15T18:39:45 IST" skipped="0">
  <testcase classname="Shivanshu.Automation.SecondTest" name="secondmethod" time="0.002"/>
  <system-out/>
</testsuite> <!-- Shivanshu.Automation.SecondTest -->
