<?xml version="1.0" encoding="UTF-8"?>
<!-- Generated by org.testng.reporters.JUnitReportReporter -->
<testsuite hostname="Shivanshu-HP" failures="0" tests="2" name="Shivanshu.Automation.FirstTest" time="0.013" errors="0" timestamp="2020-05-15T18:39:45 IST" skipped="0">
  <testcase classname="Shivanshu.Automation.FirstTest" name="moremethod" time="0.002"/>
  <system-out/>
  <testcase classname="Shivanshu.Automation.FirstTest" name="firstmethod" time="0.011"/>
  <system-out/>
</testsuite> <!-- Shivanshu.Automation.FirstTest -->
