<?xml version="1.0" encoding="UTF-8"?>
<!-- Generated by org.testng.reporters.JUnitReportReporter -->
<testsuite hostname="Shivanshu-HP" failures="0" tests="2" name="Shivanshu.Automation.FirstYear" time="0.010" errors="0" timestamp="2020-05-16T04:29:35 IST" skipped="0">
  <testcase classname="Shivanshu.Automation.FirstYear" name="firstSem" time="0.000"/>
  <system-out/>
  <testcase classname="Shivanshu.Automation.FirstYear" name="SecondSem" time="0.010"/>
  <system-out/>
</testsuite> <!-- Shivanshu.Automation.FirstYear -->
